>> Writing PID to tmp/pids/thin.3000.pid
>> Using rack adapter
>> Thin web server (v1.5.1 codename Straight Razor)
>> Maximum connections set to 1024
>> Listening on 0.0.0.0:3000, CTRL+C to stop
>> Exiting!
/Users/jakepeterson/.rvm/gems/ruby-2.1.5/gems/eventmachine-1.0.5/lib/eventmachine.rb:526:in `start_tcp_server': no acceptor (port is in use or requires root privileges) (RuntimeError)
	from /Users/jakepeterson/.rvm/gems/ruby-2.1.5/gems/eventmachine-1.0.5/lib/eventmachine.rb:526:in `start_server'
	from /Users/jakepeterson/.rvm/gems/ruby-2.1.5/gems/thin-1.5.1/lib/thin/backends/tcp_server.rb:16:in `connect'
	from /Users/jakepeterson/.rvm/gems/ruby-2.1.5/gems/thin-1.5.1/lib/thin/backends/base.rb:55:in `block in start'
	from /Users/jakepeterson/.rvm/gems/ruby-2.1.5/gems/eventmachine-1.0.5/lib/eventmachine.rb:187:in `call'
	from /Users/jakepeterson/.rvm/gems/ruby-2.1.5/gems/eventmachine-1.0.5/lib/eventmachine.rb:187:in `run_machine'
	from /Users/jakepeterson/.rvm/gems/ruby-2.1.5/gems/eventmachine-1.0.5/lib/eventmachine.rb:187:in `run'
	from /Users/jakepeterson/.rvm/gems/ruby-2.1.5/gems/thin-1.5.1/lib/thin/backends/base.rb:63:in `start'
	from /Users/jakepeterson/.rvm/gems/ruby-2.1.5/gems/thin-1.5.1/lib/thin/server.rb:159:in `start'
	from /Users/jakepeterson/.rvm/gems/ruby-2.1.5/gems/thin-1.5.1/lib/thin/controllers/controller.rb:86:in `start'
	from /Users/jakepeterson/.rvm/gems/ruby-2.1.5/gems/thin-1.5.1/lib/thin/runner.rb:187:in `run_command'
	from /Users/jakepeterson/.rvm/gems/ruby-2.1.5/gems/thin-1.5.1/lib/thin/runner.rb:152:in `run!'
	from /Users/jakepeterson/.rvm/gems/ruby-2.1.5/gems/thin-1.5.1/bin/thin:6:in `<top (required)>'
	from /Users/jakepeterson/.rvm/gems/ruby-2.1.5/bin/thin:23:in `load'
	from /Users/jakepeterson/.rvm/gems/ruby-2.1.5/bin/thin:23:in `<main>'
	from /Users/jakepeterson/.rvm/gems/ruby-2.1.5/bin/ruby_executable_hooks:15:in `eval'
	from /Users/jakepeterson/.rvm/gems/ruby-2.1.5/bin/ruby_executable_hooks:15:in `<main>'
>> Writing PID to tmp/pids/thin.3000.pid
>> Using rack adapter
>> Thin web server (v1.5.1 codename Straight Razor)
>> Maximum connections set to 1024
>> Listening on 0.0.0.0:3000, CTRL+C to stop
>> Exiting!
/Users/jakepeterson/.rvm/gems/ruby-2.1.5/gems/eventmachine-1.0.5/lib/eventmachine.rb:526:in `start_tcp_server': no acceptor (port is in use or requires root privileges) (RuntimeError)
	from /Users/jakepeterson/.rvm/gems/ruby-2.1.5/gems/eventmachine-1.0.5/lib/eventmachine.rb:526:in `start_server'
	from /Users/jakepeterson/.rvm/gems/ruby-2.1.5/gems/thin-1.5.1/lib/thin/backends/tcp_server.rb:16:in `connect'
	from /Users/jakepeterson/.rvm/gems/ruby-2.1.5/gems/thin-1.5.1/lib/thin/backends/base.rb:55:in `block in start'
	from /Users/jakepeterson/.rvm/gems/ruby-2.1.5/gems/eventmachine-1.0.5/lib/eventmachine.rb:187:in `call'
	from /Users/jakepeterson/.rvm/gems/ruby-2.1.5/gems/eventmachine-1.0.5/lib/eventmachine.rb:187:in `run_machine'
	from /Users/jakepeterson/.rvm/gems/ruby-2.1.5/gems/eventmachine-1.0.5/lib/eventmachine.rb:187:in `run'
	from /Users/jakepeterson/.rvm/gems/ruby-2.1.5/gems/thin-1.5.1/lib/thin/backends/base.rb:63:in `start'
	from /Users/jakepeterson/.rvm/gems/ruby-2.1.5/gems/thin-1.5.1/lib/thin/server.rb:159:in `start'
	from /Users/jakepeterson/.rvm/gems/ruby-2.1.5/gems/thin-1.5.1/lib/thin/controllers/controller.rb:86:in `start'
	from /Users/jakepeterson/.rvm/gems/ruby-2.1.5/gems/thin-1.5.1/lib/thin/runner.rb:187:in `run_command'
	from /Users/jakepeterson/.rvm/gems/ruby-2.1.5/gems/thin-1.5.1/lib/thin/runner.rb:152:in `run!'
	from /Users/jakepeterson/.rvm/gems/ruby-2.1.5/gems/thin-1.5.1/bin/thin:6:in `<top (required)>'
	from /Users/jakepeterson/.rvm/gems/ruby-2.1.5/bin/thin:23:in `load'
	from /Users/jakepeterson/.rvm/gems/ruby-2.1.5/bin/thin:23:in `<main>'
	from /Users/jakepeterson/.rvm/gems/ruby-2.1.5/bin/ruby_executable_hooks:15:in `eval'
	from /Users/jakepeterson/.rvm/gems/ruby-2.1.5/bin/ruby_executable_hooks:15:in `<main>'
